2025-01-26 17:21:49,488 - INFO - SIMULACIÓN: Vendido 0.001 BTC a 104967.16
2025-01-26 17:21:54,747 - INFO - SIMULACIÓN: Vendido 0.001 BTC a 104967.16
2025-01-26 17:22:00,009 - INFO - SIMULACIÓN: Vendido 0.001 BTC a 104967.17
2025-01-26 17:22:05,270 - INFO - SIMULACIÓN: Vendido 0.001 BTC a 104967.16
2025-01-26 17:22:10,535 - INFO - SIMULACIÓN: Vendido 0.001 BTC a 104967.16
2025-01-26 17:22:15,802 - INFO - SIMULACIÓN: Vendido 0.001 BTC a 104967.17
2025-01-26 17:22:21,066 - INFO - SIMULACIÓN: Vendido 0.001 BTC a 104967.16
2025-01-26 17:22:26,329 - INFO - SIMULACIÓN: Vendido 0.001 BTC a 104967.16
2025-01-26 17:22:31,587 - INFO - SIMULACIÓN: Vendido 0.001 BTC a 104967.16
2025-01-26 17:22:36,849 - INFO - SIMULACIÓN: Vendido 0.001 BTC a 104967.16
2025-01-26 17:22:42,113 - INFO - SIMULACIÓN: Vendido 0.001 BTC a 104967.17
2025-01-26 17:22:47,374 - INFO - SIMULACIÓN: Vendido 0.001 BTC a 104949.05
2025-01-26 17:22:52,637 - INFO - SIMULACIÓN: Vendido 0.001 BTC a 104942.74
2025-01-26 17:22:57,900 - INFO - SIMULACIÓN: Vendido 0.001 BTC a 104927.04
2025-01-26 17:23:03,169 - INFO - SIMULACIÓN: Vendido 0.001 BTC a 104927.05
2025-01-26 17:23:08,428 - INFO - SIMULACIÓN: Vendido 0.001 BTC a 104927.04
2025-01-26 17:23:17,773 - INFO - SIMULACIÓN: Vendido 0.0001 BTC a 104905.09
2025-01-26 17:23:23,035 - INFO - SIMULACIÓN: Vendido 0.0001 BTC a 104905.09
2025-01-26 17:23:28,310 - INFO - SIMULACIÓN: Vendido 0.0001 BTC a 104905.09
2025-01-26 17:23:33,573 - INFO - SIMULACIÓN: Vendido 0.0001 BTC a 104905.1
2025-01-26 17:23:38,834 - INFO - SIMULACIÓN: Vendido 0.0001 BTC a 104905.09
2025-01-26 17:23:44,096 - INFO - SIMULACIÓN: Vendido 0.0001 BTC a 104905.09
2025-01-26 17:23:49,356 - INFO - SIMULACIÓN: Vendido 0.0001 BTC a 104905.04
2025-01-26 17:23:54,618 - INFO - SIMULACIÓN: Vendido 0.0001 BTC a 104900.52
2025-01-26 17:23:59,878 - INFO - SIMULACIÓN: Vendido 0.0001 BTC a 104896.0
2025-01-26 17:24:05,137 - INFO - SIMULACIÓN: Vendido 0.0001 BTC a 104896.01
2025-01-26 17:24:10,392 - INFO - SIMULACIÓN: Vendido 0.0001 BTC a 104896.01
2025-01-26 17:24:15,652 - INFO - SIMULACIÓN: Vendido 0.0001 BTC a 104896.0
2025-01-26 17:24:20,912 - INFO - SIMULACIÓN: Vendido 0.0001 BTC a 104896.01
2025-01-26 17:24:26,174 - INFO - SIMULACIÓN: Vendido 0.0001 BTC a 104896.01
2025-01-26 17:24:31,437 - INFO - SIMULACIÓN: Vendido 0.0001 BTC a 104896.01
2025-01-26 17:24:36,698 - INFO - SIMULACIÓN: Vendido 0.0001 BTC a 104896.0
2025-01-26 17:24:41,966 - INFO - SIMULACIÓN: Vendido 0.0001 BTC a 104896.0
2025-01-26 17:24:47,229 - INFO - SIMULACIÓN: Vendido 0.0001 BTC a 104896.0
2025-01-26 17:24:52,488 - INFO - SIMULACIÓN: Vendido 0.0001 BTC a 104896.01
2025-01-26 17:24:57,747 - INFO - SIMULACIÓN: Vendido 0.0001 BTC a 104896.0
2025-01-26 17:25:03,008 - INFO - SIMULACIÓN: Vendido 0.0001 BTC a 104905.05
2025-01-26 17:25:08,270 - INFO - SIMULACIÓN: Vendido 0.0001 BTC a 104905.04
2025-01-26 17:25:13,530 - INFO - SIMULACIÓN: Vendido 0.0001 BTC a 104918.4
2025-01-26 17:25:18,790 - INFO - SIMULACIÓN: Vendido 0.0001 BTC a 104918.41
2025-01-26 17:25:24,056 - INFO - SIMULACIÓN: Vendido 0.0001 BTC a 104918.4
2025-01-26 17:25:29,319 - INFO - SIMULACIÓN: Vendido 0.0001 BTC a 104937.35
2025-01-26 17:25:34,577 - INFO - SIMULACIÓN: Vendido 0.0001 BTC a 104937.36
2025-01-26 17:25:39,839 - INFO - SIMULACIÓN: Vendido 0.0001 BTC a 104937.35
2025-01-26 17:25:45,100 - INFO - SIMULACIÓN: Vendido 0.0001 BTC a 104937.36
2025-01-26 17:25:50,358 - INFO - SIMULACIÓN: Vendido 0.0001 BTC a 104937.36
2025-01-26 17:25:55,617 - INFO - SIMULACIÓN: Vendido 0.0001 BTC a 104937.36
2025-01-26 17:26:00,880 - INFO - SIMULACIÓN: Vendido 0.0001 BTC a 104937.36
2025-01-26 17:26:06,143 - INFO - SIMULACIÓN: Vendido 0.0001 BTC a 104937.35
2025-01-26 17:26:11,408 - INFO - SIMULACIÓN: Vendido 0.0001 BTC a 104937.35
2025-01-26 17:26:16,670 - INFO - SIMULACIÓN: Vendido 0.0001 BTC a 104937.35
2025-01-26 17:26:21,927 - INFO - SIMULACIÓN: Vendido 0.0001 BTC a 104937.35
2025-01-26 17:26:27,186 - INFO - SIMULACIÓN: Vendido 0.0001 BTC a 104937.35
2025-01-26 17:26:32,447 - INFO - SIMULACIÓN: Vendido 0.0001 BTC a 104930.97
2025-01-26 17:26:37,703 - INFO - SIMULACIÓN: Vendido 0.0001 BTC a 104930.97
2025-01-26 17:26:42,962 - INFO - SIMULACIÓN: Vendido 0.0001 BTC a 104930.97
2025-01-26 17:26:48,227 - INFO - SIMULACIÓN: Vendido 0.0001 BTC a 104930.98
2025-01-26 17:26:53,488 - INFO - SIMULACIÓN: Vendido 0.0001 BTC a 104930.98
2025-01-26 17:26:59,230 - INFO - SIMULACIÓN: Vendido 0.0001 BTC a 104930.98
2025-01-26 17:27:04,493 - INFO - SIMULACIÓN: Vendido 0.0001 BTC a 104930.98
2025-01-26 17:27:09,755 - INFO - SIMULACIÓN: Vendido 0.0001 BTC a 104930.98
2025-01-26 17:27:15,016 - INFO - SIMULACIÓN: Vendido 0.0001 BTC a 104930.97
2025-01-26 17:27:20,283 - INFO - SIMULACIÓN: Vendido 0.0001 BTC a 104930.97
2025-01-26 17:27:25,544 - INFO - SIMULACIÓN: Vendido 0.0001 BTC a 104930.98
2025-01-26 17:27:30,808 - INFO - SIMULACIÓN: Vendido 0.0001 BTC a 104930.97
2025-01-26 17:27:36,070 - INFO - SIMULACIÓN: Vendido 0.0001 BTC a 104930.97
2025-01-26 17:27:41,335 - INFO - SIMULACIÓN: Vendido 0.0001 BTC a 104930.98
2025-01-26 17:27:46,596 - INFO - SIMULACIÓN: Vendido 0.0001 BTC a 104937.34
2025-01-26 17:27:51,906 - INFO - SIMULACIÓN: Vendido 0.0001 BTC a 104937.34
2025-01-26 17:27:57,166 - INFO - SIMULACIÓN: Vendido 0.0001 BTC a 104937.35
2025-01-26 17:28:02,439 - INFO - SIMULACIÓN: Vendido 0.0001 BTC a 104937.35
2025-01-26 17:28:07,700 - INFO - SIMULACIÓN: Vendido 0.0001 BTC a 104937.34
2025-01-26 17:28:12,961 - INFO - SIMULACIÓN: Vendido 0.0001 BTC a 104937.35
2025-01-26 17:28:18,227 - INFO - SIMULACIÓN: Vendido 0.0001 BTC a 104937.34
2025-01-26 17:28:23,486 - INFO - SIMULACIÓN: Vendido 0.0001 BTC a 104937.35
2025-01-26 17:28:28,759 - INFO - SIMULACIÓN: Vendido 0.0001 BTC a 104937.35
2025-01-26 17:28:34,022 - INFO - SIMULACIÓN: Vendido 0.0001 BTC a 104937.35
2025-01-26 17:28:39,286 - INFO - SIMULACIÓN: Vendido 0.0001 BTC a 104937.35
2025-01-26 17:28:44,547 - INFO - SIMULACIÓN: Vendido 0.0001 BTC a 104937.34
2025-01-26 17:28:50,278 - INFO - SIMULACIÓN: Vendido 0.0001 BTC a 104937.34
2025-01-26 17:28:55,540 - INFO - SIMULACIÓN: Vendido 0.0001 BTC a 104937.35
2025-01-26 17:29:00,803 - INFO - SIMULACIÓN: Vendido 0.0001 BTC a 104937.34
2025-01-26 17:29:06,066 - INFO - SIMULACIÓN: Vendido 0.0001 BTC a 104937.35
2025-01-26 17:29:11,329 - INFO - SIMULACIÓN: Vendido 0.0001 BTC a 104937.35
2025-01-26 17:29:16,592 - INFO - SIMULACIÓN: Vendido 0.0001 BTC a 104937.33
2025-01-26 17:29:22,324 - INFO - SIMULACIÓN: Vendido 0.0001 BTC a 104938.23
2025-01-26 17:29:27,587 - INFO - SIMULACIÓN: Vendido 0.0001 BTC a 104938.24
2025-01-26 17:29:32,849 - INFO - SIMULACIÓN: Vendido 0.0001 BTC a 104938.23
2025-01-26 17:29:38,112 - INFO - SIMULACIÓN: Vendido 0.0001 BTC a 104938.24
2025-01-26 17:29:43,371 - INFO - SIMULACIÓN: Vendido 0.0001 BTC a 104940.77
2025-01-26 17:29:48,630 - INFO - SIMULACIÓN: Vendido 0.0001 BTC a 104948.07
2025-01-26 17:29:53,888 - INFO - SIMULACIÓN: Vendido 0.0001 BTC a 104952.32
2025-01-26 17:29:59,147 - INFO - SIMULACIÓN: Vendido 0.0001 BTC a 104952.33
2025-01-26 17:30:04,409 - INFO - SIMULACIÓN: Vendido 0.0001 BTC a 104958.0
2025-01-26 17:30:09,667 - INFO - SIMULACIÓN: Vendido 0.0001 BTC a 104958.0
2025-01-26 17:30:14,926 - INFO - SIMULACIÓN: Vendido 0.0001 BTC a 104957.99
2025-01-26 17:30:20,188 - INFO - SIMULACIÓN: Vendido 0.0001 BTC a 104958.0
2025-01-26 17:30:25,449 - INFO - SIMULACIÓN: Vendido 0.0001 BTC a 104957.99
2025-01-26 17:30:30,710 - INFO - SIMULACIÓN: Vendido 0.0001 BTC a 104957.99
2025-01-26 17:30:35,971 - INFO - SIMULACIÓN: Vendido 0.0001 BTC a 104957.99
2025-01-26 17:30:41,233 - INFO - SIMULACIÓN: Vendido 0.0001 BTC a 104957.98
2025-01-26 17:30:46,498 - INFO - SIMULACIÓN: Vendido 0.0001 BTC a 104957.99
2025-01-26 17:30:51,759 - INFO - SIMULACIÓN: Vendido 0.0001 BTC a 104957.98
2025-01-26 17:30:57,024 - INFO - SIMULACIÓN: Vendido 0.0001 BTC a 104957.99
2025-01-26 17:31:02,293 - INFO - SIMULACIÓN: Vendido 0.0001 BTC a 104963.94
2025-01-26 17:31:07,553 - INFO - SIMULACIÓN: Vendido 0.0001 BTC a 104972.8
2025-01-26 17:31:12,812 - INFO - SIMULACIÓN: Vendido 0.0001 BTC a 104972.79
2025-01-26 17:31:18,072 - INFO - SIMULACIÓN: Vendido 0.0001 BTC a 104972.79
2025-01-26 17:31:23,338 - INFO - SIMULACIÓN: Vendido 0.0001 BTC a 104972.79
2025-01-26 17:31:28,602 - INFO - SIMULACIÓN: Vendido 0.0001 BTC a 104972.79
2025-01-26 17:31:33,867 - INFO - SIMULACIÓN: Vendido 0.0001 BTC a 104972.8
2025-01-26 17:31:39,130 - INFO - SIMULACIÓN: Vendido 0.0001 BTC a 104980.0
2025-01-26 17:31:44,393 - INFO - SIMULACIÓN: Vendido 0.0001 BTC a 104979.99
2025-01-26 17:31:49,653 - INFO - SIMULACIÓN: Vendido 0.0001 BTC a 104981.96
2025-01-26 17:31:54,914 - INFO - SIMULACIÓN: Vendido 0.0001 BTC a 104981.96
2025-01-26 17:32:00,177 - INFO - SIMULACIÓN: Vendido 0.0001 BTC a 104981.95
2025-01-26 17:32:05,435 - INFO - SIMULACIÓN: Vendido 0.0001 BTC a 104981.96
2025-01-26 17:32:10,693 - INFO - SIMULACIÓN: Vendido 0.0001 BTC a 104989.49
2025-01-26 17:32:16,427 - INFO - SIMULACIÓN: Vendido 0.0001 BTC a 104989.49
2025-01-26 17:32:21,687 - INFO - SIMULACIÓN: Vendido 0.0001 BTC a 104989.48
2025-01-26 17:32:26,954 - INFO - SIMULACIÓN: Vendido 0.0001 BTC a 104989.5
2025-01-26 17:32:32,217 - INFO - SIMULACIÓN: Vendido 0.0001 BTC a 104989.5
2025-01-26 17:32:37,479 - INFO - SIMULACIÓN: Vendido 0.0001 BTC a 104989.82
2025-01-26 17:32:42,737 - INFO - SIMULACIÓN: Vendido 0.0001 BTC a 104989.81
2025-01-26 17:35:29,733 - WARNING - SIMULACIÓN: Saldo insuficiente para vender 0.001 BTC a 105019.35 USDT.
2025-01-26 17:35:34,994 - WARNING - SIMULACIÓN: Saldo insuficiente para vender 0.001 BTC a 105023.99 USDT.
2025-01-26 17:35:40,271 - WARNING - SIMULACIÓN: Saldo insuficiente para vender 0.001 BTC a 105024.32 USDT.
2025-01-26 17:35:45,536 - WARNING - SIMULACIÓN: Saldo insuficiente para vender 0.001 BTC a 105024.32 USDT.
2025-01-26 17:35:50,799 - WARNING - SIMULACIÓN: Saldo insuficiente para vender 0.001 BTC a 105024.31 USDT.
2025-01-26 17:35:56,067 - WARNING - SIMULACIÓN: Saldo insuficiente para vender 0.001 BTC a 105024.32 USDT.
2025-01-26 17:36:01,329 - WARNING - SIMULACIÓN: Saldo insuficiente para vender 0.001 BTC a 105024.32 USDT.
2025-01-26 17:36:08,905 - WARNING - SIMULACIÓN: Saldo insuficiente para vender 0.0001 BTC a 105004.47 USDT.
2025-01-26 17:36:14,164 - WARNING - SIMULACIÓN: Saldo insuficiente para vender 0.0001 BTC a 105002.79 USDT.
2025-01-26 17:36:19,428 - WARNING - SIMULACIÓN: Saldo insuficiente para vender 0.0001 BTC a 105002.78 USDT.
2025-01-26 17:36:24,686 - WARNING - SIMULACIÓN: Saldo insuficiente para vender 0.0001 BTC a 105002.78 USDT.
2025-01-26 17:36:29,950 - WARNING - SIMULACIÓN: Saldo insuficiente para vender 0.0001 BTC a 105002.78 USDT.
2025-01-26 17:36:35,207 - WARNING - SIMULACIÓN: Saldo insuficiente para vender 0.0001 BTC a 105002.78 USDT.
2025-01-26 17:36:49,257 - INFO - SIMULACIÓN: Venta: 0.0001 BTC a 105002.78 USDT. Saldo restante: 1010.500278 USDT, 0.0099 BTC
2025-01-26 17:36:54,520 - INFO - SIMULACIÓN: Venta: 0.0001 BTC a 105002.78 USDT. Saldo restante: 1021.000556 USDT, 0.009800000000000001 BTC
2025-01-26 17:36:59,785 - INFO - SIMULACIÓN: Venta: 0.0001 BTC a 105002.78 USDT. Saldo restante: 1031.500834 USDT, 0.009700000000000002 BTC
2025-01-26 17:37:05,053 - INFO - SIMULACIÓN: Venta: 0.0001 BTC a 105002.02 USDT. Saldo restante: 1042.0010359999999 USDT, 0.009600000000000003 BTC
2025-01-26 17:37:10,313 - INFO - SIMULACIÓN: Venta: 0.0001 BTC a 105002.01 USDT. Saldo restante: 1052.501237 USDT, 0.009500000000000003 BTC
2025-01-26 17:37:15,574 - INFO - SIMULACIÓN: Venta: 0.0001 BTC a 105002.01 USDT. Saldo restante: 1063.001438 USDT, 0.009400000000000004 BTC
2025-01-26 17:37:20,833 - INFO - SIMULACIÓN: Venta: 0.0001 BTC a 105002.01 USDT. Saldo restante: 1073.501639 USDT, 0.009300000000000004 BTC
2025-01-26 17:37:26,095 - INFO - SIMULACIÓN: Venta: 0.0001 BTC a 105002.01 USDT. Saldo restante: 1084.0018400000001 USDT, 0.009200000000000005 BTC
2025-01-26 17:37:31,356 - INFO - SIMULACIÓN: Venta: 0.0001 BTC a 104998.92 USDT. Saldo restante: 1094.5017320000002 USDT, 0.009100000000000006 BTC
2025-01-26 17:37:36,612 - INFO - SIMULACIÓN: Venta: 0.0001 BTC a 104998.91 USDT. Saldo restante: 1105.001623 USDT, 0.009000000000000006 BTC
2025-01-26 17:37:41,870 - INFO - SIMULACIÓN: Venta: 0.0001 BTC a 104998.92 USDT. Saldo restante: 1115.5015150000002 USDT, 0.008900000000000007 BTC
2025-01-26 17:37:47,134 - INFO - SIMULACIÓN: Venta: 0.0001 BTC a 104998.92 USDT. Saldo restante: 1126.0014070000002 USDT, 0.008800000000000007 BTC
2025-01-26 17:37:52,394 - INFO - SIMULACIÓN: Venta: 0.0001 BTC a 104998.91 USDT. Saldo restante: 1136.5012980000001 USDT, 0.008700000000000008 BTC
2025-01-26 17:37:57,654 - INFO - SIMULACIÓN: Venta: 0.0001 BTC a 105016.49 USDT. Saldo restante: 1147.0029470000002 USDT, 0.008600000000000009 BTC
2025-01-26 17:38:02,919 - INFO - SIMULACIÓN: Venta: 0.0001 BTC a 105016.5 USDT. Saldo restante: 1157.504597 USDT, 0.00850000000000001 BTC
2025-01-26 17:38:08,182 - INFO - SIMULACIÓN: Venta: 0.0001 BTC a 105016.49 USDT. Saldo restante: 1168.0062460000001 USDT, 0.00840000000000001 BTC
2025-01-26 17:38:13,445 - INFO - SIMULACIÓN: Venta: 0.0001 BTC a 105016.5 USDT. Saldo restante: 1178.507896 USDT, 0.00830000000000001 BTC
2025-01-26 17:38:18,705 - INFO - SIMULACIÓN: Venta: 0.0001 BTC a 105016.5 USDT. Saldo restante: 1189.009546 USDT, 0.008200000000000011 BTC
2025-01-26 17:38:23,970 - INFO - SIMULACIÓN: Venta: 0.0001 BTC a 105016.5 USDT. Saldo restante: 1199.511196 USDT, 0.008100000000000012 BTC
2025-01-26 17:38:29,233 - INFO - SIMULACIÓN: Venta: 0.0001 BTC a 105016.49 USDT. Saldo restante: 1210.012845 USDT, 0.008000000000000012 BTC
2025-01-26 17:38:34,498 - INFO - SIMULACIÓN: Venta: 0.0001 BTC a 105016.49 USDT. Saldo restante: 1220.514494 USDT, 0.007900000000000013 BTC
2025-01-26 17:38:39,759 - INFO - SIMULACIÓN: Venta: 0.0001 BTC a 105000.0 USDT. Saldo restante: 1231.014494 USDT, 0.007800000000000013 BTC
2025-01-26 17:38:45,024 - INFO - SIMULACIÓN: Venta: 0.0001 BTC a 105000.0 USDT. Saldo restante: 1241.514494 USDT, 0.007700000000000012 BTC
2025-01-26 17:38:50,290 - INFO - SIMULACIÓN: Venta: 0.0001 BTC a 105000.01 USDT. Saldo restante: 1252.0144950000001 USDT, 0.007600000000000012 BTC
2025-01-26 17:38:55,557 - INFO - SIMULACIÓN: Venta: 0.0001 BTC a 105000.0 USDT. Saldo restante: 1262.5144950000001 USDT, 0.007500000000000012 BTC
2025-01-26 17:39:00,818 - INFO - SIMULACIÓN: Venta: 0.0001 BTC a 104996.72 USDT. Saldo restante: 1273.014167 USDT, 0.007400000000000012 BTC
2025-01-26 17:39:06,081 - INFO - SIMULACIÓN: Venta: 0.0001 BTC a 104991.95 USDT. Saldo restante: 1283.5133620000001 USDT, 0.007300000000000011 BTC
2025-01-26 17:39:11,346 - INFO - SIMULACIÓN: Venta: 0.0001 BTC a 104991.96 USDT. Saldo restante: 1294.0125580000001 USDT, 0.007200000000000011 BTC
2025-01-26 17:39:16,607 - INFO - SIMULACIÓN: Venta: 0.0001 BTC a 104991.95 USDT. Saldo restante: 1304.5117530000002 USDT, 0.007100000000000011 BTC
2025-01-26 17:39:21,865 - INFO - SIMULACIÓN: Venta: 0.0001 BTC a 104985.6 USDT. Saldo restante: 1315.0103130000002 USDT, 0.0070000000000000106 BTC
2025-01-26 17:39:27,127 - INFO - SIMULACIÓN: Venta: 0.0001 BTC a 104985.6 USDT. Saldo restante: 1325.5088730000002 USDT, 0.00690000000000001 BTC
2025-01-26 17:39:32,391 - INFO - SIMULACIÓN: Venta: 0.0001 BTC a 104985.61 USDT. Saldo restante: 1336.0074340000003 USDT, 0.00680000000000001 BTC
2025-01-26 17:39:37,654 - INFO - SIMULACIÓN: Venta: 0.0001 BTC a 104985.6 USDT. Saldo restante: 1346.5059940000003 USDT, 0.00670000000000001 BTC
2025-01-26 17:39:42,913 - INFO - SIMULACIÓN: Venta: 0.0001 BTC a 104985.61 USDT. Saldo restante: 1357.0045550000004 USDT, 0.0066000000000000095 BTC
2025-01-26 17:39:48,175 - INFO - SIMULACIÓN: Venta: 0.0001 BTC a 104985.6 USDT. Saldo restante: 1367.5031150000004 USDT, 0.006500000000000009 BTC
2025-01-26 17:39:53,440 - INFO - SIMULACIÓN: Venta: 0.0001 BTC a 104985.6 USDT. Saldo restante: 1378.0016750000004 USDT, 0.006400000000000009 BTC
2025-01-26 17:39:58,705 - INFO - SIMULACIÓN: Venta: 0.0001 BTC a 104985.6 USDT. Saldo restante: 1388.5002350000004 USDT, 0.006300000000000009 BTC
2025-01-26 17:40:03,964 - INFO - SIMULACIÓN: Venta: 0.0001 BTC a 104985.6 USDT. Saldo restante: 1398.9987950000004 USDT, 0.0062000000000000085 BTC
2025-01-26 17:40:09,222 - INFO - SIMULACIÓN: Venta: 0.0001 BTC a 104979.0 USDT. Saldo restante: 1409.4966950000005 USDT, 0.006100000000000008 BTC
2025-01-26 17:40:14,485 - INFO - SIMULACIÓN: Venta: 0.0001 BTC a 104978.99 USDT. Saldo restante: 1419.9945940000005 USDT, 0.006000000000000008 BTC
2025-01-26 17:40:19,746 - INFO - SIMULACIÓN: Venta: 0.0001 BTC a 104978.99 USDT. Saldo restante: 1430.4924930000004 USDT, 0.005900000000000008 BTC
2025-01-26 17:40:25,009 - INFO - SIMULACIÓN: Venta: 0.0001 BTC a 104978.99 USDT. Saldo restante: 1440.9903920000004 USDT, 0.005800000000000007 BTC
2025-01-26 17:40:30,272 - INFO - SIMULACIÓN: Venta: 0.0001 BTC a 104989.5 USDT. Saldo restante: 1451.4893420000003 USDT, 0.005700000000000007 BTC
2025-01-26 17:40:35,543 - INFO - SIMULACIÓN: Venta: 0.0001 BTC a 104989.49 USDT. Saldo restante: 1461.9882910000003 USDT, 0.005600000000000007 BTC
2025-01-26 17:40:40,815 - INFO - SIMULACIÓN: Venta: 0.0001 BTC a 104989.5 USDT. Saldo restante: 1472.4872410000003 USDT, 0.005500000000000007 BTC
2025-01-26 17:40:46,070 - INFO - SIMULACIÓN: Venta: 0.0001 BTC a 104989.5 USDT. Saldo restante: 1482.9861910000002 USDT, 0.005400000000000006 BTC
2025-01-26 17:40:51,333 - INFO - SIMULACIÓN: Venta: 0.0001 BTC a 104989.5 USDT. Saldo restante: 1493.485141 USDT, 0.005300000000000006 BTC
2025-01-26 17:40:56,596 - INFO - SIMULACIÓN: Venta: 0.0001 BTC a 104989.5 USDT. Saldo restante: 1503.984091 USDT, 0.005200000000000006 BTC
2025-01-26 17:41:01,857 - INFO - SIMULACIÓN: Venta: 0.0001 BTC a 104989.5 USDT. Saldo restante: 1514.483041 USDT, 0.005100000000000006 BTC
2025-01-26 17:41:07,121 - INFO - SIMULACIÓN: Venta: 0.0001 BTC a 104989.49 USDT. Saldo restante: 1524.98199 USDT, 0.005000000000000005 BTC
2025-01-26 17:41:12,381 - INFO - SIMULACIÓN: Venta: 0.0001 BTC a 104989.5 USDT. Saldo restante: 1535.48094 USDT, 0.004900000000000005 BTC
2025-01-26 17:41:17,639 - INFO - SIMULACIÓN: Venta: 0.0001 BTC a 104989.49 USDT. Saldo restante: 1545.979889 USDT, 0.004800000000000005 BTC
2025-01-26 17:41:22,902 - INFO - SIMULACIÓN: Venta: 0.0001 BTC a 104989.5 USDT. Saldo restante: 1556.4788389999999 USDT, 0.0047000000000000045 BTC
2025-01-26 17:41:28,169 - INFO - SIMULACIÓN: Venta: 0.0001 BTC a 105000.0 USDT. Saldo restante: 1566.9788389999999 USDT, 0.004600000000000004 BTC
2025-01-26 17:41:33,480 - INFO - SIMULACIÓN: Venta: 0.0001 BTC a 105006.14 USDT. Saldo restante: 1577.479453 USDT, 0.004500000000000004 BTC
2025-01-26 17:41:38,740 - INFO - SIMULACIÓN: Venta: 0.0001 BTC a 105006.13 USDT. Saldo restante: 1587.9800659999999 USDT, 0.004400000000000004 BTC
2025-01-26 17:41:43,998 - INFO - SIMULACIÓN: Venta: 0.0001 BTC a 105006.14 USDT. Saldo restante: 1598.48068 USDT, 0.0043000000000000035 BTC
2025-01-26 17:41:45,666 - INFO - SIMULACIÓN: Venta: 0.001 BTC a 105006.14 USDT. Saldo restante: 105.01 USDT, 0.002000 BTC
2025-01-26 17:41:49,264 - INFO - SIMULACIÓN: Venta: 0.0001 BTC a 105006.13 USDT. Saldo restante: 1608.9812929999998 USDT, 0.004200000000000003 BTC
2025-01-26 17:41:50,930 - INFO - SIMULACIÓN: Venta: 0.001 BTC a 105006.14 USDT. Saldo restante: 210.01 USDT, 0.001000 BTC
2025-01-26 17:41:54,529 - INFO - SIMULACIÓN: Venta: 0.0001 BTC a 105006.14 USDT. Saldo restante: 1619.4819069999999 USDT, 0.004100000000000003 BTC
2025-01-26 17:41:56,191 - INFO - SIMULACIÓN: Venta: 0.001 BTC a 105006.13 USDT. Saldo restante: 315.02 USDT, 0.000000 BTC
2025-01-26 17:41:59,790 - INFO - SIMULACIÓN: Venta: 0.0001 BTC a 105006.13 USDT. Saldo restante: 1629.9825199999998 USDT, 0.004000000000000003 BTC
2025-01-26 17:42:01,448 - WARNING - SIMULACIÓN: Saldo insuficiente para vender 0.001 BTC a 105006.13 USDT.
2025-01-26 17:42:05,052 - INFO - SIMULACIÓN: Venta: 0.0001 BTC a 105006.13 USDT. Saldo restante: 1640.4831329999997 USDT, 0.003900000000000003 BTC
2025-01-26 17:42:06,711 - WARNING - SIMULACIÓN: Saldo insuficiente para vender 0.001 BTC a 105006.14 USDT.
2025-01-26 17:42:10,317 - INFO - SIMULACIÓN: Venta: 0.0001 BTC a 105006.14 USDT. Saldo restante: 1650.9837469999998 USDT, 0.003800000000000003 BTC
2025-01-26 17:42:11,972 - WARNING - SIMULACIÓN: Saldo insuficiente para vender 0.001 BTC a 105006.13 USDT.
2025-01-26 17:42:15,577 - INFO - SIMULACIÓN: Venta: 0.0001 BTC a 105006.14 USDT. Saldo restante: 1661.4843609999998 USDT, 0.003700000000000003 BTC
2025-01-26 17:42:17,236 - WARNING - SIMULACIÓN: Saldo insuficiente para vender 0.001 BTC a 105006.13 USDT.
2025-01-26 17:42:20,839 - INFO - SIMULACIÓN: Venta: 0.0001 BTC a 105006.13 USDT. Saldo restante: 1671.9849739999997 USDT, 0.0036000000000000034 BTC
2025-01-26 17:42:22,498 - WARNING - SIMULACIÓN: Saldo insuficiente para vender 0.001 BTC a 105006.14 USDT.
2025-01-26 17:42:26,104 - INFO - SIMULACIÓN: Venta: 0.0001 BTC a 105006.14 USDT. Saldo restante: 1682.4855879999998 USDT, 0.0035000000000000035 BTC
2025-01-26 17:42:27,760 - WARNING - SIMULACIÓN: Saldo insuficiente para vender 0.001 BTC a 105006.14 USDT.
2025-01-26 17:42:31,365 - INFO - SIMULACIÓN: Venta: 0.0001 BTC a 105006.13 USDT. Saldo restante: 1692.9862009999997 USDT, 0.0034000000000000037 BTC
2025-01-26 17:42:33,031 - WARNING - SIMULACIÓN: Saldo insuficiente para vender 0.001 BTC a 105006.14 USDT.
2025-01-26 17:42:36,625 - INFO - SIMULACIÓN: Venta: 0.0001 BTC a 105006.13 USDT. Saldo restante: 1703.4868139999996 USDT, 0.003300000000000004 BTC
2025-01-26 17:42:38,294 - WARNING - SIMULACIÓN: Saldo insuficiente para vender 0.001 BTC a 105006.14 USDT.
2025-01-26 17:42:41,888 - INFO - SIMULACIÓN: Venta: 0.0001 BTC a 105006.13 USDT. Saldo restante: 1713.9874269999996 USDT, 0.003200000000000004 BTC
2025-01-26 17:42:43,558 - WARNING - SIMULACIÓN: Saldo insuficiente para vender 0.001 BTC a 105006.13 USDT.
2025-01-26 17:42:47,153 - INFO - SIMULACIÓN: Venta: 0.0001 BTC a 105006.13 USDT. Saldo restante: 1724.4880399999995 USDT, 0.0031000000000000042 BTC
2025-01-26 17:42:48,819 - WARNING - SIMULACIÓN: Saldo insuficiente para vender 0.001 BTC a 105006.13 USDT.
2025-01-26 17:42:52,430 - INFO - SIMULACIÓN: Venta: 0.0001 BTC a 105006.14 USDT. Saldo restante: 1734.9886539999995 USDT, 0.0030000000000000044 BTC
2025-01-26 17:42:54,078 - WARNING - SIMULACIÓN: Saldo insuficiente para vender 0.001 BTC a 105006.14 USDT.
2025-01-26 17:42:57,695 - INFO - SIMULACIÓN: Venta: 0.0001 BTC a 105006.14 USDT. Saldo restante: 1745.4892679999996 USDT, 0.0029000000000000046 BTC
2025-01-26 17:42:59,349 - WARNING - SIMULACIÓN: Saldo insuficiente para vender 0.001 BTC a 105006.14 USDT.
2025-01-26 17:43:02,957 - INFO - SIMULACIÓN: Venta: 0.0001 BTC a 105006.14 USDT. Saldo restante: 1755.9898819999996 USDT, 0.0028000000000000047 BTC
2025-01-26 17:43:04,610 - WARNING - SIMULACIÓN: Saldo insuficiente para vender 0.001 BTC a 105006.14 USDT.
2025-01-26 17:43:08,219 - INFO - SIMULACIÓN: Venta: 0.0001 BTC a 105006.14 USDT. Saldo restante: 1766.4904959999997 USDT, 0.002700000000000005 BTC
2025-01-26 17:43:09,873 - WARNING - SIMULACIÓN: Saldo insuficiente para vender 0.001 BTC a 105006.14 USDT.
2025-01-26 17:43:13,481 - INFO - SIMULACIÓN: Venta: 0.0001 BTC a 105006.14 USDT. Saldo restante: 1776.9911099999997 USDT, 0.002600000000000005 BTC
2025-01-26 17:43:15,135 - WARNING - SIMULACIÓN: Saldo insuficiente para vender 0.001 BTC a 105006.14 USDT.
2025-01-26 17:43:18,741 - INFO - SIMULACIÓN: Venta: 0.0001 BTC a 105006.13 USDT. Saldo restante: 1787.4917229999996 USDT, 0.0025000000000000053 BTC
2025-01-26 17:43:20,398 - WARNING - SIMULACIÓN: Saldo insuficiente para vender 0.001 BTC a 105006.14 USDT.
2025-01-26 17:43:24,004 - INFO - SIMULACIÓN: Venta: 0.0001 BTC a 105006.13 USDT. Saldo restante: 1797.9923359999996 USDT, 0.0024000000000000054 BTC
2025-01-26 17:43:25,659 - WARNING - SIMULACIÓN: Saldo insuficiente para vender 0.001 BTC a 105006.14 USDT.
2025-01-26 17:43:29,266 - INFO - SIMULACIÓN: Venta: 0.0001 BTC a 105006.14 USDT. Saldo restante: 1808.4929499999996 USDT, 0.0023000000000000056 BTC
2025-01-26 17:43:30,928 - WARNING - SIMULACIÓN: Saldo insuficiente para vender 0.001 BTC a 105006.13 USDT.
2025-01-26 17:43:34,529 - INFO - SIMULACIÓN: Venta: 0.0001 BTC a 105006.13 USDT. Saldo restante: 1818.9935629999995 USDT, 0.0022000000000000058 BTC
2025-01-26 17:43:36,194 - WARNING - SIMULACIÓN: Saldo insuficiente para vender 0.001 BTC a 105006.13 USDT.
2025-01-26 17:43:39,799 - INFO - SIMULACIÓN: Venta: 0.0001 BTC a 105006.13 USDT. Saldo restante: 1829.4941759999995 USDT, 0.002100000000000006 BTC
2025-01-26 17:43:41,459 - WARNING - SIMULACIÓN: Saldo insuficiente para vender 0.001 BTC a 105006.14 USDT.
2025-01-26 17:43:45,060 - INFO - SIMULACIÓN: Venta: 0.0001 BTC a 105006.13 USDT. Saldo restante: 1839.9947889999994 USDT, 0.002000000000000006 BTC
2025-01-26 17:43:46,726 - WARNING - SIMULACIÓN: Saldo insuficiente para vender 0.001 BTC a 105006.13 USDT.
2025-01-26 17:43:50,326 - INFO - SIMULACIÓN: Venta: 0.0001 BTC a 105006.13 USDT. Saldo restante: 1850.4954019999993 USDT, 0.001900000000000006 BTC
2025-01-26 17:43:51,985 - WARNING - SIMULACIÓN: Saldo insuficiente para vender 0.001 BTC a 105006.13 USDT.
2025-01-26 17:43:55,585 - INFO - SIMULACIÓN: Venta: 0.0001 BTC a 105006.13 USDT. Saldo restante: 1860.9960149999993 USDT, 0.001800000000000006 BTC
2025-01-26 17:43:57,249 - WARNING - SIMULACIÓN: Saldo insuficiente para vender 0.001 BTC a 105006.13 USDT.
2025-01-26 17:44:00,854 - INFO - SIMULACIÓN: Venta: 0.0001 BTC a 105006.13 USDT. Saldo restante: 1871.4966279999992 USDT, 0.001700000000000006 BTC
2025-01-26 17:44:02,516 - WARNING - SIMULACIÓN: Saldo insuficiente para vender 0.001 BTC a 105006.13 USDT.
2025-01-26 17:44:06,121 - INFO - SIMULACIÓN: Venta: 0.0001 BTC a 105006.13 USDT. Saldo restante: 1881.9972409999991 USDT, 0.001600000000000006 BTC
2025-01-26 17:44:07,781 - WARNING - SIMULACIÓN: Saldo insuficiente para vender 0.001 BTC a 105006.14 USDT.
2025-01-26 17:44:11,385 - INFO - SIMULACIÓN: Venta: 0.0001 BTC a 105006.13 USDT. Saldo restante: 1892.497853999999 USDT, 0.0015000000000000059 BTC
2025-01-26 17:44:13,042 - WARNING - SIMULACIÓN: Saldo insuficiente para vender 0.001 BTC a 105006.14 USDT.
2025-01-26 17:44:16,648 - INFO - SIMULACIÓN: Venta: 0.0001 BTC a 105006.14 USDT. Saldo restante: 1902.998467999999 USDT, 0.0014000000000000058 BTC
2025-01-26 17:44:18,301 - WARNING - SIMULACIÓN: Saldo insuficiente para vender 0.001 BTC a 105006.14 USDT.
2025-01-26 17:44:21,916 - INFO - SIMULACIÓN: Venta: 0.0001 BTC a 105006.13 USDT. Saldo restante: 1913.499080999999 USDT, 0.0013000000000000058 BTC
2025-01-26 17:44:23,564 - WARNING - SIMULACIÓN: Saldo insuficiente para vender 0.001 BTC a 105006.13 USDT.
2025-01-26 17:44:27,194 - INFO - SIMULACIÓN: Venta: 0.0001 BTC a 105006.14 USDT. Saldo restante: 1923.999694999999 USDT, 0.0012000000000000057 BTC
2025-01-26 17:44:28,823 - WARNING - SIMULACIÓN: Saldo insuficiente para vender 0.001 BTC a 105006.14 USDT.
2025-01-26 17:44:32,465 - INFO - SIMULACIÓN: Venta: 0.0001 BTC a 105006.14 USDT. Saldo restante: 1934.500308999999 USDT, 0.0011000000000000057 BTC
2025-01-26 17:44:34,083 - WARNING - SIMULACIÓN: Saldo insuficiente para vender 0.001 BTC a 105016.65 USDT.
2025-01-26 17:44:37,729 - INFO - SIMULACIÓN: Venta: 0.0001 BTC a 105016.64 USDT. Saldo restante: 1945.001972999999 USDT, 0.0010000000000000057 BTC
2025-01-26 17:44:42,497 - INFO - SIMULACIÓN: Venta: 0.001 BTC a 105016.64 USDT. Saldo restante: 105.02 USDT, 0.002000 BTC
2025-01-26 17:44:42,994 - INFO - SIMULACIÓN: Venta: 0.0001 BTC a 105016.64 USDT. Saldo restante: 1955.503636999999 USDT, 0.0009000000000000056 BTC
2025-01-26 17:44:47,759 - INFO - SIMULACIÓN: Venta: 0.001 BTC a 105016.65 USDT. Saldo restante: 210.03 USDT, 0.001000 BTC
2025-01-26 17:44:48,251 - INFO - SIMULACIÓN: Venta: 0.0001 BTC a 105016.64 USDT. Saldo restante: 1966.0053009999988 USDT, 0.0008000000000000056 BTC
2025-01-26 17:44:53,023 - INFO - SIMULACIÓN: Venta: 0.001 BTC a 105016.64 USDT. Saldo restante: 315.05 USDT, 0.000000 BTC
2025-01-26 17:44:53,508 - INFO - SIMULACIÓN: Venta: 0.0001 BTC a 105016.65 USDT. Saldo restante: 1976.5069659999988 USDT, 0.0007000000000000055 BTC
2025-01-26 17:44:58,769 - INFO - SIMULACIÓN: Venta: 0.0001 BTC a 105016.64 USDT. Saldo restante: 1987.0086299999987 USDT, 0.0006000000000000055 BTC
2025-01-26 17:45:04,031 - INFO - SIMULACIÓN: Venta: 0.0001 BTC a 105016.65 USDT. Saldo restante: 1997.5102949999987 USDT, 0.0005000000000000054 BTC
2025-01-26 17:45:09,290 - INFO - SIMULACIÓN: Venta: 0.0001 BTC a 105016.64 USDT. Saldo restante: 2008.0119589999986 USDT, 0.00040000000000000544 BTC
2025-01-26 17:45:14,553 - INFO - SIMULACIÓN: Venta: 0.0001 BTC a 105030.27 USDT. Saldo restante: 2018.5149859999985 USDT, 0.00030000000000000545 BTC
2025-01-26 17:45:19,819 - INFO - SIMULACIÓN: Venta: 0.0001 BTC a 105040.64 USDT. Saldo restante: 2029.0190499999985 USDT, 0.00020000000000000546 BTC
2025-01-26 17:45:25,079 - INFO - SIMULACIÓN: Venta: 0.0001 BTC a 105040.64 USDT. Saldo restante: 2039.5231139999985 USDT, 0.00010000000000000545 BTC
2025-01-26 17:45:30,339 - INFO - SIMULACIÓN: Venta: 0.0001 BTC a 105037.06 USDT. Saldo restante: 2050.0268199999987 USDT, 5.44811591673966e-18 BTC
2025-01-26 17:45:35,600 - WARNING - SIMULACIÓN: Saldo insuficiente para vender 0.0001 BTC a 105036.19 USDT.
2025-01-26 17:45:40,863 - WARNING - SIMULACIÓN: Saldo insuficiente para vender 0.0001 BTC a 105030.28 USDT.
2025-01-26 17:45:46,120 - WARNING - SIMULACIÓN: Saldo insuficiente para vender 0.0001 BTC a 105030.27 USDT.
2025-01-26 17:45:51,385 - WARNING - SIMULACIÓN: Saldo insuficiente para vender 0.0001 BTC a 105030.28 USDT.
2025-01-26 17:45:56,646 - WARNING - SIMULACIÓN: Saldo insuficiente para vender 0.0001 BTC a 105030.28 USDT.
2025-01-26 17:46:01,910 - WARNING - SIMULACIÓN: Saldo insuficiente para vender 0.0001 BTC a 105030.28 USDT.
2025-01-26 17:46:07,169 - WARNING - SIMULACIÓN: Saldo insuficiente para vender 0.0001 BTC a 105025.21 USDT.
2025-01-26 17:46:12,439 - WARNING - SIMULACIÓN: Saldo insuficiente para vender 0.0001 BTC a 105020.0 USDT.
2025-01-26 17:46:17,697 - WARNING - SIMULACIÓN: Saldo insuficiente para vender 0.0001 BTC a 105006.0 USDT.
2025-01-26 17:46:22,958 - WARNING - SIMULACIÓN: Saldo insuficiente para vender 0.0001 BTC a 105006.01 USDT.
2025-01-26 17:46:28,220 - WARNING - SIMULACIÓN: Saldo insuficiente para vender 0.0001 BTC a 105005.93 USDT.
2025-01-26 17:46:33,481 - WARNING - SIMULACIÓN: Saldo insuficiente para vender 0.0001 BTC a 105002.0 USDT.
2025-01-26 17:46:38,740 - WARNING - SIMULACIÓN: Saldo insuficiente para vender 0.0001 BTC a 105002.0 USDT.
2025-01-26 17:46:44,001 - WARNING - SIMULACIÓN: Saldo insuficiente para vender 0.0001 BTC a 105002.0 USDT.
2025-01-26 17:46:49,271 - WARNING - SIMULACIÓN: Saldo insuficiente para vender 0.0001 BTC a 105002.0 USDT.
2025-01-26 17:46:54,533 - WARNING - SIMULACIÓN: Saldo insuficiente para vender 0.0001 BTC a 105002.01 USDT.
2025-01-26 17:46:59,793 - WARNING - SIMULACIÓN: Saldo insuficiente para vender 0.0001 BTC a 105006.0 USDT.
2025-01-26 17:47:05,052 - WARNING - SIMULACIÓN: Saldo insuficiente para vender 0.0001 BTC a 105006.01 USDT.
2025-01-26 17:47:10,313 - WARNING - SIMULACIÓN: Saldo insuficiente para vender 0.0001 BTC a 105006.01 USDT.
2025-01-26 17:47:15,571 - WARNING - SIMULACIÓN: Saldo insuficiente para vender 0.0001 BTC a 105013.15 USDT.
2025-01-26 17:47:20,833 - WARNING - SIMULACIÓN: Saldo insuficiente para vender 0.0001 BTC a 105013.15 USDT.
2025-01-26 17:47:26,095 - WARNING - SIMULACIÓN: Saldo insuficiente para vender 0.0001 BTC a 105014.41 USDT.
2025-01-26 17:47:31,358 - WARNING - SIMULACIÓN: Saldo insuficiente para vender 0.0001 BTC a 105014.47 USDT.
2025-01-26 17:47:36,621 - WARNING - SIMULACIÓN: Saldo insuficiente para vender 0.0001 BTC a 105017.23 USDT.
2025-01-26 17:47:41,883 - WARNING - SIMULACIÓN: Saldo insuficiente para vender 0.0001 BTC a 105009.09 USDT.
2025-01-26 17:47:47,144 - WARNING - SIMULACIÓN: Saldo insuficiente para vender 0.0001 BTC a 104992.01 USDT.
2025-01-26 17:47:52,405 - WARNING - SIMULACIÓN: Saldo insuficiente para vender 0.0001 BTC a 104992.0 USDT.
2025-01-26 17:47:57,666 - WARNING - SIMULACIÓN: Saldo insuficiente para vender 0.0001 BTC a 104992.01 USDT.
2025-01-26 17:48:02,929 - WARNING - SIMULACIÓN: Saldo insuficiente para vender 0.0001 BTC a 104992.01 USDT.
2025-01-26 17:48:08,195 - WARNING - SIMULACIÓN: Saldo insuficiente para vender 0.0001 BTC a 104992.01 USDT.
2025-01-26 17:48:13,464 - WARNING - SIMULACIÓN: Saldo insuficiente para vender 0.0001 BTC a 104992.01 USDT.
2025-01-26 17:48:18,727 - WARNING - SIMULACIÓN: Saldo insuficiente para vender 0.0001 BTC a 104992.0 USDT.
2025-01-26 17:48:23,986 - WARNING - SIMULACIÓN: Saldo insuficiente para vender 0.0001 BTC a 104992.01 USDT.
2025-01-26 17:48:29,251 - WARNING - SIMULACIÓN: Saldo insuficiente para vender 0.0001 BTC a 104992.01 USDT.
2025-01-26 17:48:34,511 - WARNING - SIMULACIÓN: Saldo insuficiente para vender 0.0001 BTC a 104992.01 USDT.
2025-01-26 17:48:39,770 - WARNING - SIMULACIÓN: Saldo insuficiente para vender 0.0001 BTC a 104992.0 USDT.
2025-01-26 17:48:42,527 - INFO - SIMULACIÓN: Venta: 0.001 BTC a 104992.0 USDT. Saldo restante: 104.99 USDT, 0.002000 BTC
2025-01-26 17:48:45,031 - WARNING - SIMULACIÓN: Saldo insuficiente para vender 0.0001 BTC a 104992.01 USDT.
2025-01-26 17:48:47,788 - INFO - SIMULACIÓN: Venta: 0.001 BTC a 104992.0 USDT. Saldo restante: 209.98 USDT, 0.001000 BTC
2025-01-26 17:48:50,299 - WARNING - SIMULACIÓN: Saldo insuficiente para vender 0.0001 BTC a 104992.0 USDT.
2025-01-26 17:48:53,052 - INFO - SIMULACIÓN: Venta: 0.001 BTC a 104992.01 USDT. Saldo restante: 314.98 USDT, 0.000000 BTC
2025-01-26 17:48:55,558 - WARNING - SIMULACIÓN: Saldo insuficiente para vender 0.0001 BTC a 104992.0 USDT.
2025-01-26 17:49:00,815 - WARNING - SIMULACIÓN: Saldo insuficiente para vender 0.0001 BTC a 104992.0 USDT.
2025-01-26 17:49:06,075 - WARNING - SIMULACIÓN: Saldo insuficiente para vender 0.0001 BTC a 104992.0 USDT.
2025-01-26 17:49:11,343 - WARNING - SIMULACIÓN: Saldo insuficiente para vender 0.0001 BTC a 104992.01 USDT.
2025-01-26 17:49:16,602 - WARNING - SIMULACIÓN: Saldo insuficiente para vender 0.0001 BTC a 104992.01 USDT.
2025-01-26 17:49:21,864 - WARNING - SIMULACIÓN: Saldo insuficiente para vender 0.0001 BTC a 105002.5 USDT.
2025-01-26 17:49:27,122 - WARNING - SIMULACIÓN: Saldo insuficiente para vender 0.0001 BTC a 105002.5 USDT.
2025-01-26 17:49:32,385 - WARNING - SIMULACIÓN: Saldo insuficiente para vender 0.0001 BTC a 104982.5 USDT.
2025-01-26 17:49:37,643 - WARNING - SIMULACIÓN: Saldo insuficiente para vender 0.0001 BTC a 104980.01 USDT.
2025-01-26 17:49:42,905 - WARNING - SIMULACIÓN: Saldo insuficiente para vender 0.0001 BTC a 104968.51 USDT.
2025-01-26 17:49:48,162 - WARNING - SIMULACIÓN: Saldo insuficiente para vender 0.0001 BTC a 104960.8 USDT.
2025-01-26 17:49:53,420 - WARNING - SIMULACIÓN: Saldo insuficiente para vender 0.0001 BTC a 104954.19 USDT.
2025-01-26 17:49:58,682 - WARNING - SIMULACIÓN: Saldo insuficiente para vender 0.0001 BTC a 104954.2 USDT.
2025-01-26 17:50:03,945 - WARNING - SIMULACIÓN: Saldo insuficiente para vender 0.0001 BTC a 104955.47 USDT.
2025-01-26 17:50:09,208 - WARNING - SIMULACIÓN: Saldo insuficiente para vender 0.0001 BTC a 104953.64 USDT.
2025-01-26 17:50:14,472 - WARNING - SIMULACIÓN: Saldo insuficiente para vender 0.0001 BTC a 104941.68 USDT.
2025-01-26 17:50:19,731 - WARNING - SIMULACIÓN: Saldo insuficiente para vender 0.0001 BTC a 104944.0 USDT.
2025-01-26 17:50:24,994 - WARNING - SIMULACIÓN: Saldo insuficiente para vender 0.0001 BTC a 104944.0 USDT.
2025-01-26 17:50:30,257 - WARNING - SIMULACIÓN: Saldo insuficiente para vender 0.0001 BTC a 104944.0 USDT.
2025-01-26 17:50:35,528 - WARNING - SIMULACIÓN: Saldo insuficiente para vender 0.0001 BTC a 104954.0 USDT.
2025-01-26 17:50:40,790 - WARNING - SIMULACIÓN: Saldo insuficiente para vender 0.0001 BTC a 104954.12 USDT.
2025-01-26 17:50:46,054 - WARNING - SIMULACIÓN: Saldo insuficiente para vender 0.0001 BTC a 104973.02 USDT.
2025-01-26 17:50:51,316 - WARNING - SIMULACIÓN: Saldo insuficiente para vender 0.0001 BTC a 104987.54 USDT.
2025-01-26 17:50:56,578 - WARNING - SIMULACIÓN: Saldo insuficiente para vender 0.0001 BTC a 104987.53 USDT.
2025-01-26 17:51:01,840 - WARNING - SIMULACIÓN: Saldo insuficiente para vender 0.0001 BTC a 104987.53 USDT.
2025-01-26 17:51:07,096 - WARNING - SIMULACIÓN: Saldo insuficiente para vender 0.0001 BTC a 104987.53 USDT.
2025-01-26 17:51:12,358 - WARNING - SIMULACIÓN: Saldo insuficiente para vender 0.0001 BTC a 104996.5 USDT.
2025-01-26 17:51:15,531 - INFO - SIMULACIÓN: Venta: 0.001 BTC a 104996.5 USDT. Saldo restante: 105.00 USDT, 0.002000 BTC
2025-01-26 17:51:17,627 - WARNING - SIMULACIÓN: Saldo insuficiente para vender 0.0001 BTC a 104992.33 USDT.
2025-01-26 17:51:20,793 - INFO - SIMULACIÓN: Venta: 0.001 BTC a 104992.33 USDT. Saldo restante: 209.99 USDT, 0.001000 BTC
2025-01-26 17:51:22,890 - WARNING - SIMULACIÓN: Saldo insuficiente para vender 0.0001 BTC a 104992.33 USDT.
2025-01-26 17:51:26,063 - INFO - SIMULACIÓN: Compra: 0.001 BTC a 104982.57 USDT. Saldo restante: 105.01 USDT, 0.002000 BTC
2025-01-26 17:51:28,151 - WARNING - SIMULACIÓN: Saldo insuficiente para vender 0.0001 BTC a 104982.56 USDT.
2025-01-26 17:51:31,324 - INFO - SIMULACIÓN: Compra: 0.001 BTC a 104969.15 USDT. Saldo restante: 0.04 USDT, 0.003000 BTC
2025-01-26 17:51:33,413 - WARNING - SIMULACIÓN: Saldo insuficiente para vender 0.0001 BTC a 104969.16 USDT.
2025-01-26 17:51:38,679 - WARNING - SIMULACIÓN: Saldo insuficiente para vender 0.0001 BTC a 104969.16 USDT.
2025-01-26 17:51:43,940 - WARNING - SIMULACIÓN: Saldo insuficiente para vender 0.0001 BTC a 104961.51 USDT.
2025-01-26 17:51:49,202 - WARNING - SIMULACIÓN: Saldo insuficiente para vender 0.0001 BTC a 104961.51 USDT.
2025-01-26 17:51:54,461 - WARNING - SIMULACIÓN: Saldo insuficiente para vender 0.0001 BTC a 104961.51 USDT.
2025-01-26 17:51:59,722 - WARNING - SIMULACIÓN: Saldo insuficiente para vender 0.0001 BTC a 104961.5 USDT.
2025-01-26 17:52:04,991 - WARNING - SIMULACIÓN: Saldo insuficiente para vender 0.0001 BTC a 104961.51 USDT.
2025-01-26 17:52:10,269 - WARNING - SIMULACIÓN: Saldo insuficiente para vender 0.0001 BTC a 104961.5 USDT.
2025-01-26 17:52:15,534 - WARNING - SIMULACIÓN: Saldo insuficiente para vender 0.0001 BTC a 104961.51 USDT.
2025-01-26 17:52:20,797 - WARNING - SIMULACIÓN: Saldo insuficiente para vender 0.0001 BTC a 104961.51 USDT.
2025-01-26 17:52:26,058 - WARNING - SIMULACIÓN: Saldo insuficiente para vender 0.0001 BTC a 104961.51 USDT.
2025-01-26 17:52:31,319 - WARNING - SIMULACIÓN: Saldo insuficiente para vender 0.0001 BTC a 104961.51 USDT.
2025-01-26 17:52:36,580 - WARNING - SIMULACIÓN: Saldo insuficiente para vender 0.0001 BTC a 104961.5 USDT.
2025-01-26 17:52:41,848 - WARNING - SIMULACIÓN: Saldo insuficiente para vender 0.0001 BTC a 104961.5 USDT.
2025-01-26 17:52:47,111 - WARNING - SIMULACIÓN: Saldo insuficiente para vender 0.0001 BTC a 104961.5 USDT.
2025-01-26 17:52:52,372 - WARNING - SIMULACIÓN: Saldo insuficiente para vender 0.0001 BTC a 104961.51 USDT.
2025-01-26 17:52:57,634 - WARNING - SIMULACIÓN: Saldo insuficiente para vender 0.0001 BTC a 104961.5 USDT.
2025-01-26 17:53:02,895 - WARNING - SIMULACIÓN: Saldo insuficiente para vender 0.0001 BTC a 104961.51 USDT.
2025-01-26 17:53:08,158 - WARNING - SIMULACIÓN: Saldo insuficiente para vender 0.0001 BTC a 104961.5 USDT.
2025-01-26 17:53:13,419 - WARNING - SIMULACIÓN: Saldo insuficiente para vender 0.0001 BTC a 104961.51 USDT.
2025-01-26 17:53:18,682 - WARNING - SIMULACIÓN: Saldo insuficiente para vender 0.0001 BTC a 104961.51 USDT.
2025-01-26 17:53:23,946 - WARNING - SIMULACIÓN: Saldo insuficiente para vender 0.0001 BTC a 104961.5 USDT.
2025-01-26 17:53:29,209 - WARNING - SIMULACIÓN: Saldo insuficiente para vender 0.0001 BTC a 104961.51 USDT.
2025-01-26 17:53:34,474 - WARNING - SIMULACIÓN: Saldo insuficiente para vender 0.0001 BTC a 104961.5 USDT.
2025-01-26 17:53:39,738 - WARNING - SIMULACIÓN: Saldo insuficiente para vender 0.0001 BTC a 104961.51 USDT.
2025-01-26 17:53:44,995 - WARNING - SIMULACIÓN: Saldo insuficiente para vender 0.0001 BTC a 104961.51 USDT.
2025-01-26 17:53:50,262 - WARNING - SIMULACIÓN: Saldo insuficiente para vender 0.0001 BTC a 104961.51 USDT.
2025-01-26 17:53:55,523 - WARNING - SIMULACIÓN: Saldo insuficiente para vender 0.0001 BTC a 104961.5 USDT.
2025-01-26 17:54:00,789 - WARNING - SIMULACIÓN: Saldo insuficiente para vender 0.0001 BTC a 104961.51 USDT.
2025-01-26 17:54:06,050 - WARNING - SIMULACIÓN: Saldo insuficiente para vender 0.0001 BTC a 104961.5 USDT.
2025-01-26 17:54:11,311 - WARNING - SIMULACIÓN: Saldo insuficiente para vender 0.0001 BTC a 104948.0 USDT.
2025-01-26 17:54:16,572 - WARNING - SIMULACIÓN: Saldo insuficiente para vender 0.0001 BTC a 104948.0 USDT.
2025-01-26 17:54:21,835 - WARNING - SIMULACIÓN: Saldo insuficiente para vender 0.0001 BTC a 104947.99 USDT.
2025-01-26 17:54:27,096 - WARNING - SIMULACIÓN: Saldo insuficiente para vender 0.0001 BTC a 104947.99 USDT.
2025-01-26 17:54:32,359 - WARNING - SIMULACIÓN: Saldo insuficiente para vender 0.0001 BTC a 104943.99 USDT.
2025-01-26 17:54:37,620 - WARNING - SIMULACIÓN: Saldo insuficiente para vender 0.0001 BTC a 104943.99 USDT.
2025-01-26 17:54:42,881 - WARNING - SIMULACIÓN: Saldo insuficiente para vender 0.0001 BTC a 104944.0 USDT.
2025-01-26 17:54:48,143 - WARNING - SIMULACIÓN: Saldo insuficiente para vender 0.0001 BTC a 104943.99 USDT.
2025-01-26 17:54:53,405 - WARNING - SIMULACIÓN: Saldo insuficiente para vender 0.0001 BTC a 104943.99 USDT.
2025-01-26 17:54:58,665 - WARNING - SIMULACIÓN: Saldo insuficiente para vender 0.0001 BTC a 104944.0 USDT.
2025-01-26 17:55:03,926 - WARNING - SIMULACIÓN: Saldo insuficiente para vender 0.0001 BTC a 104944.0 USDT.
2025-01-26 17:55:09,190 - WARNING - SIMULACIÓN: Saldo insuficiente para vender 0.0001 BTC a 104944.0 USDT.
2025-01-26 17:55:14,450 - WARNING - SIMULACIÓN: Saldo insuficiente para vender 0.0001 BTC a 104944.0 USDT.
2025-01-26 17:55:19,710 - WARNING - SIMULACIÓN: Saldo insuficiente para vender 0.0001 BTC a 104948.0 USDT.
2025-01-26 17:55:24,973 - WARNING - SIMULACIÓN: Saldo insuficiente para vender 0.0001 BTC a 104948.0 USDT.
2025-01-26 17:55:30,241 - WARNING - SIMULACIÓN: Saldo insuficiente para vender 0.0001 BTC a 104948.0 USDT.
2025-01-26 17:55:35,504 - WARNING - SIMULACIÓN: Saldo insuficiente para vender 0.0001 BTC a 104948.0 USDT.
2025-01-26 17:55:40,771 - WARNING - SIMULACIÓN: Saldo insuficiente para vender 0.0001 BTC a 104948.0 USDT.
2025-01-26 17:55:46,034 - WARNING - SIMULACIÓN: Saldo insuficiente para vender 0.0001 BTC a 104948.0 USDT.
2025-01-26 17:55:51,298 - WARNING - SIMULACIÓN: Saldo insuficiente para vender 0.0001 BTC a 104948.01 USDT.
2025-01-26 17:55:56,561 - WARNING - SIMULACIÓN: Saldo insuficiente para vender 0.0001 BTC a 104948.0 USDT.
2025-01-26 17:56:01,828 - WARNING - SIMULACIÓN: Saldo insuficiente para vender 0.0001 BTC a 104947.99 USDT.
2025-01-26 17:56:07,089 - WARNING - SIMULACIÓN: Saldo insuficiente para vender 0.0001 BTC a 104947.99 USDT.
2025-01-26 17:56:12,348 - WARNING - SIMULACIÓN: Saldo insuficiente para vender 0.0001 BTC a 104939.51 USDT.
2025-01-26 17:56:17,608 - WARNING - SIMULACIÓN: Saldo insuficiente para vender 0.0001 BTC a 104939.52 USDT.
2025-01-26 17:56:22,868 - WARNING - SIMULACIÓN: Saldo insuficiente para vender 0.0001 BTC a 104939.52 USDT.
2025-01-26 17:56:28,129 - WARNING - SIMULACIÓN: Saldo insuficiente para vender 0.0001 BTC a 104938.01 USDT.
2025-01-26 17:56:33,391 - WARNING - SIMULACIÓN: Saldo insuficiente para vender 0.0001 BTC a 104938.01 USDT.
2025-01-26 17:56:38,653 - WARNING - SIMULACIÓN: Saldo insuficiente para vender 0.0001 BTC a 104938.0 USDT.
2025-01-26 17:56:43,914 - WARNING - SIMULACIÓN: Saldo insuficiente para vender 0.0001 BTC a 104938.0 USDT.
2025-01-26 17:56:49,178 - WARNING - SIMULACIÓN: Saldo insuficiente para vender 0.0001 BTC a 104938.0 USDT.
2025-01-26 17:56:54,444 - WARNING - SIMULACIÓN: Saldo insuficiente para vender 0.0001 BTC a 104938.0 USDT.
2025-01-26 17:56:59,705 - WARNING - SIMULACIÓN: Saldo insuficiente para vender 0.0001 BTC a 104938.0 USDT.
2025-01-26 17:57:04,971 - WARNING - SIMULACIÓN: Saldo insuficiente para vender 0.0001 BTC a 104938.01 USDT.
2025-01-26 17:57:10,238 - WARNING - SIMULACIÓN: Saldo insuficiente para vender 0.0001 BTC a 104938.0 USDT.
2025-01-26 17:57:15,499 - WARNING - SIMULACIÓN: Saldo insuficiente para vender 0.0001 BTC a 104938.0 USDT.
2025-01-26 17:57:20,761 - WARNING - SIMULACIÓN: Saldo insuficiente para vender 0.0001 BTC a 104938.01 USDT.
2025-01-26 17:57:26,024 - WARNING - SIMULACIÓN: Saldo insuficiente para vender 0.0001 BTC a 104938.0 USDT.
2025-01-26 17:57:31,286 - WARNING - SIMULACIÓN: Saldo insuficiente para vender 0.0001 BTC a 104938.0 USDT.
2025-01-26 17:57:36,546 - WARNING - SIMULACIÓN: Saldo insuficiente para vender 0.0001 BTC a 104938.01 USDT.
2025-01-26 17:57:41,804 - WARNING - SIMULACIÓN: Saldo insuficiente para vender 0.0001 BTC a 104938.0 USDT.
2025-01-26 17:57:47,065 - WARNING - SIMULACIÓN: Saldo insuficiente para vender 0.0001 BTC a 104938.0 USDT.
2025-01-26 17:57:52,331 - WARNING - SIMULACIÓN: Saldo insuficiente para vender 0.0001 BTC a 104938.0 USDT.
2025-01-26 17:57:57,588 - WARNING - SIMULACIÓN: Saldo insuficiente para vender 0.0001 BTC a 104938.01 USDT.
2025-01-26 17:58:02,852 - WARNING - SIMULACIÓN: Saldo insuficiente para vender 0.0001 BTC a 104938.0 USDT.
2025-01-26 17:58:08,119 - WARNING - SIMULACIÓN: Saldo insuficiente para vender 0.0001 BTC a 104938.01 USDT.
2025-01-26 17:58:13,380 - WARNING - SIMULACIÓN: Saldo insuficiente para vender 0.0001 BTC a 104938.0 USDT.
2025-01-26 17:58:18,642 - WARNING - SIMULACIÓN: Saldo insuficiente para vender 0.0001 BTC a 104938.01 USDT.
2025-01-26 17:58:23,905 - WARNING - SIMULACIÓN: Saldo insuficiente para vender 0.0001 BTC a 104938.01 USDT.
2025-01-26 17:58:29,168 - WARNING - SIMULACIÓN: Saldo insuficiente para vender 0.0001 BTC a 104938.0 USDT.
2025-01-26 17:58:34,430 - WARNING - SIMULACIÓN: Saldo insuficiente para vender 0.0001 BTC a 104938.01 USDT.
2025-01-26 17:58:39,689 - WARNING - SIMULACIÓN: Saldo insuficiente para vender 0.0001 BTC a 104938.0 USDT.
2025-01-26 17:58:44,950 - WARNING - SIMULACIÓN: Saldo insuficiente para vender 0.0001 BTC a 104938.0 USDT.
2025-01-26 17:58:50,217 - WARNING - SIMULACIÓN: Saldo insuficiente para vender 0.0001 BTC a 104938.0 USDT.
2025-01-26 17:58:55,481 - WARNING - SIMULACIÓN: Saldo insuficiente para vender 0.0001 BTC a 104938.01 USDT.
2025-01-26 17:59:00,754 - WARNING - SIMULACIÓN: Saldo insuficiente para vender 0.0001 BTC a 104938.02 USDT.
2025-01-26 17:59:06,017 - WARNING - SIMULACIÓN: Saldo insuficiente para vender 0.0001 BTC a 104938.01 USDT.
2025-01-26 17:59:11,276 - WARNING - SIMULACIÓN: Saldo insuficiente para vender 0.0001 BTC a 104938.02 USDT.
2025-01-26 17:59:16,539 - WARNING - SIMULACIÓN: Saldo insuficiente para vender 0.0001 BTC a 104938.02 USDT.
2025-01-26 17:59:21,801 - WARNING - SIMULACIÓN: Saldo insuficiente para vender 0.0001 BTC a 104938.01 USDT.
2025-01-26 17:59:27,070 - WARNING - SIMULACIÓN: Saldo insuficiente para vender 0.0001 BTC a 104938.01 USDT.
2025-01-26 17:59:32,329 - WARNING - SIMULACIÓN: Saldo insuficiente para vender 0.0001 BTC a 104938.02 USDT.
2025-01-26 17:59:37,590 - WARNING - SIMULACIÓN: Saldo insuficiente para vender 0.0001 BTC a 104938.02 USDT.
2025-01-26 17:59:42,853 - WARNING - SIMULACIÓN: Saldo insuficiente para vender 0.0001 BTC a 104938.02 USDT.
2025-01-26 17:59:48,113 - WARNING - SIMULACIÓN: Saldo insuficiente para vender 0.0001 BTC a 104938.01 USDT.
2025-01-26 17:59:53,378 - WARNING - SIMULACIÓN: Saldo insuficiente para vender 0.0001 BTC a 104938.01 USDT.
2025-01-26 17:59:58,637 - WARNING - SIMULACIÓN: Saldo insuficiente para vender 0.0001 BTC a 104938.01 USDT.
2025-01-26 18:00:03,970 - WARNING - SIMULACIÓN: Saldo insuficiente para vender 0.0001 BTC a 104938.02 USDT.
2025-01-26 18:00:09,232 - WARNING - SIMULACIÓN: Saldo insuficiente para vender 0.0001 BTC a 104938.02 USDT.
2025-01-26 18:00:14,495 - WARNING - SIMULACIÓN: Saldo insuficiente para vender 0.0001 BTC a 104938.02 USDT.
2025-01-26 18:00:19,754 - WARNING - SIMULACIÓN: Saldo insuficiente para vender 0.0001 BTC a 104938.02 USDT.
2025-01-26 18:00:25,018 - WARNING - SIMULACIÓN: Saldo insuficiente para vender 0.0001 BTC a 104938.03 USDT.
2025-01-26 18:00:30,280 - WARNING - SIMULACIÓN: Saldo insuficiente para vender 0.0001 BTC a 104938.03 USDT.
2025-01-26 18:00:35,540 - WARNING - SIMULACIÓN: Saldo insuficiente para vender 0.0001 BTC a 104938.01 USDT.
2025-01-26 18:00:40,803 - WARNING - SIMULACIÓN: Saldo insuficiente para vender 0.0001 BTC a 104938.01 USDT.
2025-01-26 18:00:46,066 - WARNING - SIMULACIÓN: Saldo insuficiente para vender 0.0001 BTC a 104938.0 USDT.
2025-01-26 18:00:51,329 - WARNING - SIMULACIÓN: Saldo insuficiente para vender 0.0001 BTC a 104938.0 USDT.
2025-01-26 18:00:56,590 - WARNING - SIMULACIÓN: Saldo insuficiente para vender 0.0001 BTC a 104938.0 USDT.
2025-01-26 18:01:01,846 - WARNING - SIMULACIÓN: Saldo insuficiente para vender 0.0001 BTC a 104933.0 USDT.
2025-01-26 18:01:07,109 - WARNING - SIMULACIÓN: Saldo insuficiente para vender 0.0001 BTC a 104926.51 USDT.
2025-01-26 18:01:12,370 - WARNING - SIMULACIÓN: Saldo insuficiente para vender 0.0001 BTC a 104926.51 USDT.
2025-01-26 18:01:17,637 - WARNING - SIMULACIÓN: Saldo insuficiente para vender 0.0001 BTC a 104926.51 USDT.
2025-01-26 18:01:22,899 - WARNING - SIMULACIÓN: Saldo insuficiente para vender 0.0001 BTC a 104918.41 USDT.
2025-01-26 18:01:28,160 - WARNING - SIMULACIÓN: Saldo insuficiente para vender 0.0001 BTC a 104916.53 USDT.
2025-01-26 18:01:33,423 - WARNING - SIMULACIÓN: Saldo insuficiente para vender 0.0001 BTC a 104912.54 USDT.
2025-01-26 18:01:38,684 - WARNING - SIMULACIÓN: Saldo insuficiente para vender 0.0001 BTC a 104912.54 USDT.
2025-01-26 18:01:43,945 - WARNING - SIMULACIÓN: Saldo insuficiente para vender 0.0001 BTC a 104912.54 USDT.
2025-01-26 18:01:49,211 - WARNING - SIMULACIÓN: Saldo insuficiente para vender 0.0001 BTC a 104912.54 USDT.
2025-01-26 18:01:54,474 - WARNING - SIMULACIÓN: Saldo insuficiente para vender 0.0001 BTC a 104916.54 USDT.
2025-01-26 18:01:59,737 - WARNING - SIMULACIÓN: Saldo insuficiente para vender 0.0001 BTC a 104920.0 USDT.
2025-01-26 18:02:05,001 - WARNING - SIMULACIÓN: Saldo insuficiente para vender 0.0001 BTC a 104920.01 USDT.
2025-01-26 18:02:10,262 - WARNING - SIMULACIÓN: Saldo insuficiente para vender 0.0001 BTC a 104920.01 USDT.
2025-01-26 18:02:15,542 - WARNING - SIMULACIÓN: Saldo insuficiente para vender 0.0001 BTC a 104920.0 USDT.
2025-01-26 18:02:20,808 - WARNING - SIMULACIÓN: Saldo insuficiente para vender 0.0001 BTC a 104920.01 USDT.
2025-01-26 18:02:26,071 - WARNING - SIMULACIÓN: Saldo insuficiente para vender 0.0001 BTC a 104919.32 USDT.
2025-01-26 18:02:31,345 - WARNING - SIMULACIÓN: Saldo insuficiente para vender 0.0001 BTC a 104919.33 USDT.
2025-01-26 18:02:36,605 - WARNING - SIMULACIÓN: Saldo insuficiente para vender 0.0001 BTC a 104919.33 USDT.
2025-01-26 18:02:41,867 - WARNING - SIMULACIÓN: Saldo insuficiente para vender 0.0001 BTC a 104919.32 USDT.
2025-01-26 18:02:47,132 - WARNING - SIMULACIÓN: Saldo insuficiente para vender 0.0001 BTC a 104919.32 USDT.
2025-01-26 18:02:52,395 - WARNING - SIMULACIÓN: Saldo insuficiente para vender 0.0001 BTC a 104919.33 USDT.
2025-01-26 18:02:57,661 - WARNING - SIMULACIÓN: Saldo insuficiente para vender 0.0001 BTC a 104919.32 USDT.
2025-01-26 18:03:02,918 - WARNING - SIMULACIÓN: Saldo insuficiente para vender 0.0001 BTC a 104919.33 USDT.
2025-01-26 18:03:08,181 - WARNING - SIMULACIÓN: Saldo insuficiente para vender 0.0001 BTC a 104919.33 USDT.
2025-01-26 18:03:13,443 - WARNING - SIMULACIÓN: Saldo insuficiente para vender 0.0001 BTC a 104919.32 USDT.
2025-01-26 18:03:18,708 - WARNING - SIMULACIÓN: Saldo insuficiente para vender 0.0001 BTC a 104919.32 USDT.
2025-01-26 18:03:23,969 - WARNING - SIMULACIÓN: Saldo insuficiente para vender 0.0001 BTC a 104919.33 USDT.
2025-01-26 18:03:29,234 - WARNING - SIMULACIÓN: Saldo insuficiente para vender 0.0001 BTC a 104919.32 USDT.
2025-01-26 18:03:34,495 - WARNING - SIMULACIÓN: Saldo insuficiente para vender 0.0001 BTC a 104919.32 USDT.
2025-01-26 18:03:39,759 - WARNING - SIMULACIÓN: Saldo insuficiente para vender 0.0001 BTC a 104919.32 USDT.
2025-01-26 18:03:45,022 - WARNING - SIMULACIÓN: Saldo insuficiente para vender 0.0001 BTC a 104919.32 USDT.
2025-01-26 18:03:50,283 - WARNING - SIMULACIÓN: Saldo insuficiente para vender 0.0001 BTC a 104919.32 USDT.
2025-01-26 18:03:55,544 - WARNING - SIMULACIÓN: Saldo insuficiente para vender 0.0001 BTC a 104919.33 USDT.
2025-01-26 18:04:00,808 - WARNING - SIMULACIÓN: Saldo insuficiente para vender 0.0001 BTC a 104919.32 USDT.
2025-01-26 18:04:06,070 - WARNING - SIMULACIÓN: Saldo insuficiente para vender 0.0001 BTC a 104919.33 USDT.
2025-01-26 18:04:11,333 - WARNING - SIMULACIÓN: Saldo insuficiente para vender 0.0001 BTC a 104919.33 USDT.
2025-01-26 18:04:16,593 - WARNING - SIMULACIÓN: Saldo insuficiente para vender 0.0001 BTC a 104919.38 USDT.
2025-01-26 18:04:21,853 - WARNING - SIMULACIÓN: Saldo insuficiente para vender 0.0001 BTC a 104919.39 USDT.
2025-01-26 18:04:27,113 - WARNING - SIMULACIÓN: Saldo insuficiente para vender 0.0001 BTC a 104919.39 USDT.
2025-01-26 18:04:32,378 - WARNING - SIMULACIÓN: Saldo insuficiente para vender 0.0001 BTC a 104930.0 USDT.
2025-01-26 18:04:37,639 - WARNING - SIMULACIÓN: Saldo insuficiente para vender 0.0001 BTC a 104930.0 USDT.
2025-01-26 18:04:42,898 - WARNING - SIMULACIÓN: Saldo insuficiente para vender 0.0001 BTC a 104930.0 USDT.
2025-01-26 18:04:48,160 - WARNING - SIMULACIÓN: Saldo insuficiente para vender 0.0001 BTC a 104930.0 USDT.
2025-01-26 18:04:53,422 - WARNING - SIMULACIÓN: Saldo insuficiente para vender 0.0001 BTC a 104930.0 USDT.
2025-01-26 18:04:58,683 - WARNING - SIMULACIÓN: Saldo insuficiente para vender 0.0001 BTC a 104930.0 USDT.
2025-01-26 18:05:03,964 - WARNING - SIMULACIÓN: Saldo insuficiente para vender 0.0001 BTC a 104930.0 USDT.
